c:\users\admin\source\repos\itcfinals\itcfinals\x64\debug\vc143.pdb
c:\users\admin\source\repos\itcfinals\itcfinals\x64\debug\.netframework,version=v4.7.2.assemblyattributes.obj
c:\users\admin\source\repos\itcfinals\itcfinals\x64\debug\workerform.obj
c:\users\admin\source\repos\itcfinals\itcfinals\x64\debug\signinform.obj
c:\users\admin\source\repos\itcfinals\itcfinals\x64\debug\itcfinals.obj
c:\users\admin\source\repos\itcfinals\itcfinals\x64\debug\assemblyinfo.obj
c:\users\admin\source\repos\itcfinals\itcfinals\x64\debug\createuserform.obj
c:\users\admin\source\repos\itcfinals\itcfinals\x64\debug\syscomm.pch
c:\users\admin\source\repos\itcfinals\itcfinals\x64\debug\pch.obj
c:\users\admin\source\repos\itcfinals\itcfinals\x64\debug\deleteuserform.obj
c:\users\admin\source\repos\itcfinals\x64\debug\syscomm.exe
c:\users\admin\source\repos\itcfinals\x64\debug\syscomm.pdb
c:\users\admin\source\repos\itcfinals\itcfinals\x64\debug\app.res
c:\users\admin\source\repos\itcfinals\itcfinals\x64\debug\itcfinals.signinform.resources
c:\users\admin\source\repos\itcfinals\itcfinals\x64\debug\itcfinals.workerform.resources
c:\users\admin\source\repos\itcfinals\itcfinals\x64\debug\itcfinals.createuserform.resources
c:\users\admin\source\repos\itcfinals\itcfinals\x64\debug\itcfinals.pch
c:\users\admin\source\repos\itcfinals\itcfinals\x64\debug\syscomm.tlog\cl.command.1.tlog
c:\users\admin\source\repos\itcfinals\itcfinals\x64\debug\syscomm.tlog\cl.read.1.tlog
c:\users\admin\source\repos\itcfinals\itcfinals\x64\debug\syscomm.tlog\cl.write.1.tlog
c:\users\admin\source\repos\itcfinals\itcfinals\x64\debug\syscomm.tlog\link.command.1.tlog
c:\users\admin\source\repos\itcfinals\itcfinals\x64\debug\syscomm.tlog\link.read.1.tlog
c:\users\admin\source\repos\itcfinals\itcfinals\x64\debug\syscomm.tlog\link.write.1.tlog
c:\users\admin\source\repos\itcfinals\itcfinals\x64\debug\syscomm.tlog\metagen.read.1.tlog
c:\users\admin\source\repos\itcfinals\itcfinals\x64\debug\syscomm.tlog\metagen.write.1.tlog
c:\users\admin\source\repos\itcfinals\itcfinals\x64\debug\syscomm.tlog\rc.command.1.tlog
c:\users\admin\source\repos\itcfinals\itcfinals\x64\debug\syscomm.tlog\rc.read.1.tlog
c:\users\admin\source\repos\itcfinals\itcfinals\x64\debug\syscomm.tlog\rc.write.1.tlog
c:\users\admin\source\repos\itcfinals\itcfinals\x64\debug\syscomm.tlog\syscomm.write.1u.tlog
